<?xml version="1.0" encoding="UTF-8"?>
<testExecutions version="1">
  <file path="C:\Users\thiba\Desktop\t-flow\src\app\transfer\transfer.component.spec.ts">
    <testCase name="TransferComponent should create" duration="245"/>
    <testCase name="TransferComponent should upload a file" duration="47"/>
    <testCase name="TransferComponent should calculate all file size" duration="30"/>
    <testCase name="TransferComponent should use the constructor" duration="28"/>
  </file>
  <file path="C:\Users\thiba\Desktop\t-flow\src\app\logout\logout.component.spec.ts">
    <testCase name="LogoutComponent should create" duration="413"/>
  </file>
  <file path="C:\Users\thiba\Desktop\t-flow\src\app\register\register.component.spec.ts">
    <testCase name="RegisterComponent should create" duration="228"/>
  </file>
  <file path="C:\Users\thiba\Desktop\t-flow\src\app\settings-all-transfer\settings-all-transfer.component.spec.ts">
    <testCase name="SettingsAllTransferComponent should create" duration="151"/>
  </file>
  <file path="C:\Users\thiba\Desktop\t-flow\src\app\login\login.component.spec.ts">
    <testCase name="LoginComponent should create" duration="236"/>
  </file>
  <file path="C:\Users\thiba\Desktop\t-flow\src\app\settings-my-account\settings-my-account.component.spec.ts">
    <testCase name="SettingsMyAccountComponent should create" duration="483"/>
  </file>
  <file path="C:\Users\thiba\Desktop\t-flow\src\app\navbar\navbar.component.spec.ts">
    <testCase name="NavbarComponent should create" duration="251"/>
  </file>
  <file path="C:\Users\thiba\Desktop\t-flow\src\app\footer\footer.component.spec.ts">
    <testCase name="FooterComponent should create" duration="62"/>
  </file>
  <file path="C:\Users\thiba\Desktop\t-flow\src\app\dashboard-all-transfer\dashboard-all-transfer.component.spec.ts">
    <testCase name="DashboardAllTransferComponent should create" duration="61"/>
  </file>
  <file path="C:\Users\thiba\Desktop\t-flow\src\app\settings-subscription\settings-subscription.component.spec.ts">
    <testCase name="SettingsSubscriptionComponent should create" duration="361"/>
  </file>
  <file path="C:\Users\thiba\Desktop\t-flow\src\app\contact-us\contact-us.component.spec.ts">
    <testCase name="ContactUsComponent should create" duration="148"/>
  </file>
  <file path="C:\Users\thiba\Desktop\t-flow\src\app\about\about.component.spec.ts">
    <testCase name="AboutComponent should create" duration="154"/>
  </file>
  <file path="C:\Users\thiba\Desktop\t-flow\src\app\app.component.spec.ts">
    <testCase name="AppComponent should create the app" duration="111"/>
  </file>
  <file path="C:\Users\thiba\Desktop\t-flow\src\app\download\download.component.spec.ts">
    <testCase name="DownloadComponent should create" duration="61"/>
  </file>
  <file path="C:\Users\thiba\Desktop\t-flow\src\app\subscriptions\subscriptions.component.spec.ts">
    <testCase name="SubscriptionsComponent should create" duration="82"/>
  </file>
  <file path="C:\Users\thiba\Desktop\t-flow\src\app\not-found\not-found.component.spec.ts">
    <testCase name="NotFoundComponent should create" duration="62"/>
  </file>
  <file path="C:\Users\thiba\Desktop\t-flow\src\app\dashboard-all-users\dashboard-all-users.component.spec.ts">
    <testCase name="DashboardAllUsersComponent should create" duration="64"/>
  </file>
  <file path="C:\Users\thiba\Desktop\t-flow\src\app\settings-navbar\settings-navbar.component.spec.ts">
    <testCase name="SettingsNavbarComponent should create" duration="69"/>
  </file>
  <file path="C:\Users\thiba\Desktop\t-flow\src\app\validate-email\validate-email.component.spec.ts">
    <testCase name="ValidateEmailComponent should create" duration="46"/>
  </file>
  <file path="C:\Users\thiba\Desktop\t-flow\src\app\cgu\cgu.component.spec.ts">
    <testCase name="CguComponent should create" duration="87"/>
  </file>
  <file path="C:\Users\thiba\Desktop\t-flow\src\app\homepage\homepage.component.spec.ts">
    <testCase name="HomepageComponent should create" duration="178"/>
  </file>
  <file path="C:\Users\thiba\Desktop\t-flow\src\services\jwt-token\jwt-token.service.spec.ts">
    <testCase name="DownloadComponent should create" duration="3"/>
    <testCase name="should return the user first name" duration="2"/>
    <testCase name="should return the user last name" duration="0"/>
    <testCase name="should return the user id" duration="1"/>
    <testCase name="should return the user email" duration="0"/>
    <testCase name="should return the user role" duration="1"/>
    <testCase name="should return the user plan" duration="0"/>
    <testCase name="should return the user avatar" duration="1"/>
    <testCase name="should return the user account status" duration="1"/>
    <testCase name="should return the user authentication method" duration="1"/>
    <testCase name="should return the token" duration="0"/>
    <testCase name="should set the token" duration="0"/>
    <testCase name="should decode the token" duration="1"/>
    <testCase name="should get the decoded token" duration="0"/>
    <testCase name="should check if the token is expired" duration="1"/>
    <testCase name="should get all the user infos" duration="0"/>
    <testCase name="should decode the token" duration="0"/>
  </file>
  <file path="C:\Users\thiba\Desktop\t-flow\src\app\privacy-policy\privacy-policy.component.spec.ts">
    <testCase name="PrivacyPolicyComponent should create" duration="69"/>
  </file>
  <file path="C:\Users\thiba\Desktop\t-flow\src\services\http-interceptor\http-interceptor.service.spec.ts">
    <testCase name="HttpInterceptorService should be created" duration="21"/>
  </file>
  <file path="C:\Users\thiba\Desktop\t-flow\src\app\dashboard-one-transfer\dashboard-one-transfer.component.spec.ts">
    <testCase name="DashboardOneTransferComponent should create" duration="48"/>
  </file>
  <file path="C:\Users\thiba\Desktop\t-flow\src\services\flash-message\flash-message.service.spec.ts">
    <testCase name="FlashMessageService should be created" duration="22"/>
  </file>
  <file path="C:\Users\thiba\Desktop\t-flow\src\services\autorize-guard\autorize-guard.service.spec.ts">
    <testCase name="AutorizeGuardService should be created" duration="35"/>
  </file>
  <file path="C:\Users\thiba\Desktop\t-flow\src\services\httpClient\http-client.service.spec.ts">
    <testCase name="HttpClientService should be created" duration="31"/>
  </file>
  <file path="C:\Users\thiba\Desktop\t-flow\src\services\sso\Google\google-sso.service.spec.ts">
    <testCase name="GoogleSsoService should be created" duration="37"/>
  </file>
  <file path="C:\Users\thiba\Desktop\t-flow\src\app\dashboard-one-user\dashboard-one-user.component.spec.ts">
    <testCase name="DashboardOneUserComponent should create" duration="77"/>
  </file>
  <file path="C:\Users\thiba\Desktop\t-flow\src\services\cookies\cookies.service.spec.ts">
    <testCase name="CookiesService should be created" duration="21"/>
  </file>
  <file path="C:\Users\thiba\Desktop\t-flow\src\app\dashboard-navbar\dashboard-navbar.component.spec.ts">
    <testCase name="DashboardNavbarComponent should create" duration="58"/>
  </file>
  <file path="C:\Users\thiba\Desktop\t-flow\src\services\admin-autorize-guard\admin-autorize-guard.service.spec.ts">
    <testCase name="AdminAutorizeGuardService should be created" duration="23"/>
  </file>
  <file path="C:\Users\thiba\Desktop\t-flow\src\app\cookies-consent\cookies-consent.component.spec.ts">
    <testCase name="CookiesConsentComponent should create" duration="43"/>
  </file>
  <file path="C:\Users\thiba\Desktop\t-flow\src\app\flash-message\flash-message.component.spec.ts">
    <testCase name="FlashMessageComponent should create" duration="82"/>
  </file>
  <file path="C:\Users\thiba\Desktop\t-flow\src\services\theme-service\theme-service.service.spec.ts">
    <testCase name="ThemeServiceService should be created" duration="14"/>
  </file>
  <file path="C:\Users\thiba\Desktop\t-flow\src\services\local-storage\local-storage.service.spec.ts">
    <testCase name="LocalStorageService should be created" duration="14"/>
  </file>
</testExecutions>