<?xml version="1.0" encoding="UTF-8"?>
<testExecutions version="1">
  <file path="C:\Users\thiba\Desktop\t-flow\src\app\contact-us\contact-us.component.spec.ts">
    <testCase name="ContactUsComponent should create" duration="173"/>
    <testCase name="ContactUsComponent should return false if any input field is empty" duration="30"/>
    <testCase name="ContactUsComponent should return true if all input fields are non-empty" duration="27"/>
    <testCase name="ContactUsComponent should send an email successfully and navigate to home with a success message" duration="28"/>
  </file>
  <file path="C:\Users\thiba\Desktop\t-flow\src\app\settings-all-transfer\settings-all-transfer.component.spec.ts">
    <testCase name="SettingsAllTransferComponent should create the component" duration="125"/>
    <testCase name="SettingsAllTransferComponent should initialize user ID from JwtTokenService" duration="26"/>
    <testCase name="SettingsAllTransferComponent should load all folders when initialized" duration="15"/>
    <testCase name="SettingsAllTransferComponent should set error message when API call fails" duration="18"/>
  </file>
  <file path="C:\Users\thiba\Desktop\t-flow\src\app\logout\logout.component.spec.ts">
    <testCase name="LogoutComponent should create" duration="442"/>
  </file>
  <file path="C:\Users\thiba\Desktop\t-flow\src\app\login\login.component.spec.ts">
    <testCase name="LoginComponent should create" duration="289"/>
  </file>
  <file path="C:\Users\thiba\Desktop\t-flow\src\app\app.component.spec.ts">
    <testCase name="AppComponent should handle the theme correctly" duration="202"/>
    <testCase name="AppComponent should log console warnings" duration="36"/>
  </file>
  <file path="C:\Users\thiba\Desktop\t-flow\src\app\navbar\navbar.component.spec.ts">
    <testCase name="NavbarComponent should create the component" duration="121"/>
    <testCase name="NavbarComponent should toggle isPopupOpen and update popupToggleValue" duration="37"/>
    <testCase name="NavbarComponent should toggle isMenuOpen and update navbarToggleValue and iconShow" duration="24"/>
    <testCase name="NavbarComponent should initialize isAuthenticated based on HttpClientService" duration="156"/>
    <testCase name="NavbarComponent should initialize isAdministrator based on JwtTokenService and CookiesService" duration="32"/>
    <testCase name="NavbarComponent should initialize isDarkTheme and imgTheme based on localStorage" duration="14"/>
  </file>
  <file path="C:\Users\thiba\Desktop\t-flow\src\app\register\register.component.spec.ts">
    <testCase name="RegisterComponent should create" duration="337"/>
  </file>
  <file path="C:\Users\thiba\Desktop\t-flow\src\app\settings-my-account\settings-my-account.component.spec.ts">
    <testCase name="SettingsMyAccountComponent should create" duration="592"/>
  </file>
  <file path="C:\Users\thiba\Desktop\t-flow\src\app\flash-message\flash-message.component.spec.ts">
    <testCase name="FlashMessageComponent should create" duration="232"/>
    <testCase name="FlashMessageComponent should subscribe to getMessage from FlashMessageService" duration="28"/>
    <testCase name="FlashMessageComponent should start animation when flash message is received" duration="19"/>
    <testCase name="FlashMessageComponent should delete flash message after duration" duration="1095"/>
    <testCase name="FlashMessageComponent should update flashMessage when new message is received" duration="24"/>
  </file>
  <file path="C:\Users\thiba\Desktop\t-flow\src\app\download\download.component.spec.ts">
    <testCase name="DownloadComponent should create" duration="135"/>
    <testCase name="DownloadComponent should initialize with dark theme" duration="51"/>
    <testCase name="DownloadComponent should initialize with light theme" duration="32"/>
    <testCase name="DownloadComponent should handle folder retrieval" duration="24"/>
  </file>
  <file path="C:\Users\thiba\Desktop\t-flow\src\app\about\about.component.spec.ts">
    <testCase name="AboutComponent should create" duration="209"/>
  </file>
  <file path="C:\Users\thiba\Desktop\t-flow\src\app\dashboard-all-users\dashboard-all-users.component.spec.ts">
    <testCase name="DashboardAllUsersComponent should create" duration="123"/>
  </file>
  <file path="C:\Users\thiba\Desktop\t-flow\src\app\dashboard-all-support\dashboard-all-support.component.spec.ts">
    <testCase name="DashboardAllSupportComponent should create" duration="152"/>
  </file>
  <file path="C:\Users\thiba\Desktop\t-flow\src\services\sso\Google\google-sso.service.spec.ts">
    <testCase name="GoogleSsoService should be created" duration="29"/>
    <testCase name="GoogleSsoService signInWithGoogle should initialize OAuth flow" duration="5"/>
    <testCase name="GoogleSsoService isLoggedIn should check if user is logged in" duration="4"/>
    <testCase name="GoogleSsoService signOut should sign out the user and navigate to accueil if token exists" duration="6"/>
    <testCase name="GoogleSsoService signOut should do nothing if no token exists" duration="5"/>
  </file>
  <file path="C:\Users\thiba\Desktop\t-flow\src\app\footer\footer.component.spec.ts">
    <testCase name="FooterComponent should create" duration="106"/>
  </file>
  <file path="C:\Users\thiba\Desktop\t-flow\src\app\settings-subscription\settings-subscription.component.spec.ts">
    <testCase name="SettingsSubscriptionComponent should create" duration="486"/>
  </file>
  <file path="C:\Users\thiba\Desktop\t-flow\src\app\transfer\transfer.component.spec.ts">
    <testCase name="TransferComponent should create the component" duration="167"/>
    <testCase name="TransferComponent should initialize with a token from cookie service" duration="46"/>
    <testCase name="TransferComponent should add valid email to the list and reset input state" duration="38"/>
    <testCase name="TransferComponent should not add invalid email and set error state" duration="23"/>
    <testCase name="TransferComponent should delete email from the list" duration="34"/>
    <testCase name="TransferComponent should upload files when requirements met" duration="21"/>
    <testCase name="TransferComponent should show an error message if file or email is missing for upload" duration="27"/>
    <testCase name="TransferComponent should remove duplicate files when checkFile is called" duration="26"/>
  </file>
  <file path="C:\Users\thiba\Desktop\t-flow\src\app\subscriptions\subscriptions.component.spec.ts">
    <testCase name="SubscriptionsComponent should create" duration="131"/>
  </file>
  <file path="C:\Users\thiba\Desktop\t-flow\src\services\jwt-token\jwt-token.service.spec.ts">
    <testCase name="JwtTokenService should create" duration="32"/>
    <testCase name="JwtTokenService should return the user first name" duration="7"/>
    <testCase name="JwtTokenService should return the user last name" duration="5"/>
    <testCase name="JwtTokenService should return the user id" duration="8"/>
    <testCase name="JwtTokenService should return the user email" duration="5"/>
    <testCase name="JwtTokenService should return the user role" duration="3"/>
    <testCase name="JwtTokenService should return the user plan" duration="3"/>
    <testCase name="JwtTokenService should return the user avatar" duration="4"/>
    <testCase name="JwtTokenService should return the user account status" duration="33"/>
    <testCase name="JwtTokenService should return the user authentication method" duration="4"/>
    <testCase name="JwtTokenService should return the token" duration="4"/>
    <testCase name="JwtTokenService should set the token" duration="3"/>
    <testCase name="JwtTokenService should decode the token" duration="3"/>
    <testCase name="JwtTokenService should get the decoded token" duration="3"/>
    <testCase name="JwtTokenService should check if the token is expired" duration="3"/>
    <testCase name="JwtTokenService should get all the user infos" duration="3"/>
    <testCase name="JwtTokenService should decode the token" duration="3"/>
    <testCase name="JwtTokenService should return the correct expiration time" duration="4"/>
    <testCase name="JwtTokenService should correctly identify if the token is expired" duration="3"/>
    <testCase name="JwtTokenService should correctly identify if the token is not expired" duration="3"/>
    <testCase name="JwtTokenService should return all user info correctly" duration="6"/>
    <testCase name="JwtTokenService should return the correct jwtToken value" duration="3"/>
    <testCase name="JwtTokenService should decode jwtToken and populate decodedToken when jwtToken is set" duration="3"/>
  </file>
  <file path="C:\Users\thiba\Desktop\t-flow\src\app\validate-email\validate-email.component.spec.ts">
    <testCase name="ValidateEmailComponent should create" duration="93"/>
  </file>
  <file path="C:\Users\thiba\Desktop\t-flow\src\services\theme-service\theme-service.service.spec.ts">
    <testCase name="ThemeServiceService should be created" duration="28"/>
    <testCase name="ThemeServiceService should save theme to local storage" duration="12"/>
    <testCase name="ThemeServiceService should toggle theme" duration="7"/>
    <testCase name="ThemeServiceService should get current theme" duration="4"/>
  </file>
  <file path="C:\Users\thiba\Desktop\t-flow\src\services\cookies\cookies.service.spec.ts">
    <testCase name="CookiesService should be created" duration="30"/>
  </file>
  <file path="C:\Users\thiba\Desktop\t-flow\src\services\admin-autorize-guard\admin-autorize-guard.service.spec.ts">
    <testCase name="AdminAutorizeGuardService should be created" duration="36"/>
    <testCase name="AdminAutorizeGuardService canActivate should redirect to login if jwtToken is empty" duration="8"/>
    <testCase name="AdminAutorizeGuardService canActivate should return true if role is ADMIN" duration="4"/>
    <testCase name="AdminAutorizeGuardService canActivate should redirect to /accueil if role is USER" duration="5"/>
    <testCase name="AdminAutorizeGuardService canActivate should redirect to login for any other roles" duration="5"/>
  </file>
  <file path="C:\Users\thiba\Desktop\t-flow\src\app\cgu\cgu.component.spec.ts">
    <testCase name="CguComponent should create" duration="121"/>
  </file>
  <file path="C:\Users\thiba\Desktop\t-flow\src\services\autorize-guard\autorize-guard.service.spec.ts">
    <testCase name="AutorizeGuardService canActivate should redirect to login if jwtToken and cookie token are empty" duration="65"/>
    <testCase name="AutorizeGuardService canActivate should redirect to login if token is expired" duration="8"/>
    <testCase name="AutorizeGuardService canActivate should return true if token exists and is not expired" duration="36"/>
    <testCase name="AutorizeGuardService canActivate should redirect to login if any other case or error" duration="8"/>
  </file>
  <file path="C:\Users\thiba\Desktop\t-flow\src\services\flash-message\flash-message.service.spec.ts">
    <testCase name="FlashMessageService should be created" duration="31"/>
    <testCase name="FlashMessageService should add message and emit it" duration="10"/>
    <testCase name="FlashMessageService should handle string type correctly" duration="6"/>
    <testCase name="FlashMessageService should delete flash message" duration="12"/>
    <testCase name="FlashMessageService should add a message with a given MessageType" duration="7"/>
    <testCase name="FlashMessageService should add a message with a given string type" duration="20"/>
    <testCase name="FlashMessageService should default to INFO type for an unrecognized string type" duration="4"/>
  </file>
  <file path="C:\Users\thiba\Desktop\t-flow\src\app\dashboard-all-transfer\dashboard-all-transfer.component.spec.ts">
    <testCase name="DashboardAllTransferComponent should create" duration="85"/>
  </file>
  <file path="C:\Users\thiba\Desktop\t-flow\src\services\httpClient\http-client.service.spec.ts">
    <testCase name="HttpClientService should be created" duration="81"/>
    <testCase name="HttpClientService should perform login and return a token" duration="18"/>
    <testCase name="HttpClientService should perform Google login and return a token" duration="9"/>
    <testCase name="HttpClientService should perform registration and return a token" duration="8"/>
    <testCase name="HttpClientService should send a DELETE request to delete the folder" duration="8"/>
    <testCase name="HttpClientService should delete a user" duration="6"/>
    <testCase name="HttpClientService should update the user with PATCH request" duration="6"/>
    <testCase name="HttpClientService should validate an email with a token" duration="5"/>
    <testCase name="HttpClientService should get all folders by user ID" duration="9"/>
    <testCase name="HttpClientService should download a folder as a Blob" duration="8"/>
    <testCase name="HttpClientService should create a folder and return it" duration="7"/>
    <testCase name="HttpClientService should send a DELETE request to delete the user as admin" duration="5"/>
    <testCase name="HttpClientService should send an email" duration="7"/>
  </file>
  <file path="C:\Users\thiba\Desktop\t-flow\src\app\settings-navbar\settings-navbar.component.spec.ts">
    <testCase name="SettingsNavbarComponent should create" duration="100"/>
  </file>
  <file path="C:\Users\thiba\Desktop\t-flow\src\app\dashboard-one-support\dashboard-one-support.component.spec.ts">
    <testCase name="DashboardOneSupportComponent should create" duration="133"/>
  </file>
  <file path="C:\Users\thiba\Desktop\t-flow\src\app\homepage\homepage.component.spec.ts">
    <testCase name="HomepageComponent should create" duration="141"/>
  </file>
  <file path="C:\Users\thiba\Desktop\t-flow\src\app\not-found\not-found.component.spec.ts">
    <testCase name="NotFoundComponent should create" duration="163"/>
  </file>
  <file path="C:\Users\thiba\Desktop\t-flow\src\app\dashboard-one-user\dashboard-one-user.component.spec.ts">
    <testCase name="DashboardOneUserComponent should create" duration="121"/>
  </file>
  <file path="C:\Users\thiba\Desktop\t-flow\src\app\cookies-consent\cookies-consent.component.spec.ts">
    <testCase name="CookiesConsentComponent should create" duration="82"/>
  </file>
  <file path="C:\Users\thiba\Desktop\t-flow\src\app\privacy-policy\privacy-policy.component.spec.ts">
    <testCase name="PrivacyPolicyComponent should create" duration="168"/>
  </file>
  <file path="C:\Users\thiba\Desktop\t-flow\src\app\dashboard-navbar\dashboard-navbar.component.spec.ts">
    <testCase name="DashboardNavbarComponent should create" duration="54"/>
  </file>
  <file path="C:\Users\thiba\Desktop\t-flow\src\app\dashboard-one-transfer\dashboard-one-transfer.component.spec.ts">
    <testCase name="DashboardOneTransferComponent should create" duration="67"/>
  </file>
  <file path="C:\Users\thiba\Desktop\t-flow\src\services\http-interceptor\http-interceptor.service.spec.ts">
    <testCase name="HttpInterceptorService should add Authorization header when token is present" duration="10"/>
    <testCase name="HttpInterceptorService should not add Authorization header when token is not present" duration="2"/>
    <testCase name="HttpInterceptorService should handle 401 error by deleting token and clearing session storage" duration="7"/>
  </file>
  <file path="C:\Users\thiba\Desktop\t-flow\src\services\local-storage\local-storage.service.spec.ts">
    <testCase name="LocalStorageService should be created" duration="6"/>
    <testCase name="LocalStorageService should set item in local storage" duration="2"/>
    <testCase name="LocalStorageService should get item from local storage" duration="1"/>
    <testCase name="LocalStorageService should remove item from local storage" duration="1"/>
  </file>
</testExecutions>