<?xml version="1.0" encoding="UTF-8"?>
<testExecutions version="1">
  <file path="C:\Users\thiba\Desktop\t-flow\src\app\app.component.spec.ts">
    <testCase name="AppComponent should handle the theme correctly" duration="177"/>
    <testCase name="AppComponent should log console warnings" duration="45"/>
    <testCase name="AppComponent should clear auth data" duration="31"/>
    <testCase name="AppComponent should handle route titles correctly" duration="40"/>
    <testCase name="AppComponent should lauch logWarning on init" duration="21"/>
    <testCase name="AppComponent should set isAuthenticated to true if token is present" duration="32"/>
  </file>
  <file path="C:\Users\thiba\Desktop\t-flow\src\app\dashboard-all-transfer\dashboard-all-transfer.component.spec.ts">
    <testCase name="DashboardAllTransferComponent should create" duration="225"/>
    <testCase name="DashboardAllTransferComponent should get query params correctly" duration="53"/>
    <testCase name="DashboardAllTransferComponent should set folders when getAllTransfersByUserID is successful" duration="30"/>
    <testCase name="DashboardAllTransferComponent should set isDataFound to false when getAllTransfersByUserID returns null id" duration="52"/>
    <testCase name="DashboardAllTransferComponent should set errorMessage to true when getAllTransfersByUserID fails" duration="69"/>
    <testCase name="DashboardAllTransferComponent should getUserByID" duration="25"/>
    <testCase name="DashboardAllTransferComponent should return formatted size of folder" duration="30"/>
    <testCase name="DashboardAllTransferComponent should return good icon is folder is shared" duration="19"/>
    <testCase name="DashboardAllTransferComponent should return bad icon is folder is not shared" duration="41"/>
    <testCase name="DashboardAllTransferComponent should return false if folder is not expired" duration="20"/>
  </file>
  <file path="C:\Users\thiba\Desktop\t-flow\src\app\transfer\transfer.component.spec.ts">
    <testCase name="TransferComponent should create the component" duration="209"/>
    <testCase name="TransferComponent should initialize with a token from cookie service" duration="31"/>
    <testCase name="TransferComponent should not modify folderName if it is not empty" duration="29"/>
    <testCase name="TransferComponent should generate a random folder name if it is empty" duration="25"/>
    <testCase name="TransferComponent should add valid email to the list and reset input state" duration="21"/>
    <testCase name="TransferComponent should not add invalid email and set error state" duration="19"/>
    <testCase name="TransferComponent should delete email from the list" duration="17"/>
    <testCase name="TransferComponent should upload files when requirements met" duration="22"/>
    <testCase name="TransferComponent should upload files when folder name is empty" duration="19"/>
    <testCase name="TransferComponent should show an error message if file or email is missing for upload" duration="35"/>
    <testCase name="TransferComponent should remove duplicate files when checkFile is called" duration="21"/>
    <testCase name="TransferComponent should return if email equal empty string" duration="16"/>
    <testCase name="TransferComponent should delete a file" duration="17"/>
    <testCase name="TransferComponent should delete all file" duration="14"/>
    <testCase name="TransferComponent should handle valid email" duration="19"/>
    <testCase name="TransferComponent should handle invalid email" duration="19"/>
    <testCase name="TransferComponent should handle email that already exists" duration="20"/>
    <testCase name="TransferComponent should clear all when upload is done" duration="23"/>
    <testCase name="TransferComponent should initialize uploader in constructor" duration="24"/>
    <testCase name="TransferComponent should use onProgressAll to update progress" duration="37"/>
    <testCase name="TransferComponent should reset loaderProgress and showOrUpload after timeout when loaderProgress is 100" duration="24"/>
    <testCase name="TransferComponent should return this.sizeAllFile in Ko" duration="17"/>
  </file>
  <file path="C:\Users\thiba\Desktop\t-flow\src\app\navbar\navbar.component.spec.ts">
    <testCase name="NavbarComponent should create the component" duration="167"/>
    <testCase name="NavbarComponent should toggle isPopupOpen and update popupToggleValue" duration="32"/>
    <testCase name="NavbarComponent should toggle isMenuOpen and update navbarToggleValue and iconShow" duration="23"/>
    <testCase name="NavbarComponent should initialize isAuthenticated based on HttpClientService" duration="149"/>
    <testCase name="NavbarComponent should initialize isAdministrator based on JwtTokenService and CookiesService" duration="38"/>
    <testCase name="NavbarComponent should initialised isAdministrator to false if user role is USER" duration="31"/>
    <testCase name="NavbarComponent should initialize isDarkTheme and imgTheme based on localStorage" duration="19"/>
  </file>
  <file path="C:\Users\thiba\Desktop\t-flow\src\app\dashboard-one-transfer\dashboard-one-transfer.component.spec.ts">
    <testCase name="DashboardOneTransferComponent should create" duration="295"/>
    <testCase name="DashboardOneTransferComponent should get query parameters correctly" duration="44"/>
    <testCase name="DashboardOneTransferComponent should set user when getOneUserByID is successful" duration="45"/>
    <testCase name="DashboardOneTransferComponent should set errorMessage to true when getOneUserByID fails" duration="55"/>
    <testCase name="DashboardOneTransferComponent should return formatted size of folder" duration="38"/>
    <testCase name="DashboardOneTransferComponent should return good icon is folder is shared" duration="31"/>
    <testCase name="DashboardOneTransferComponent should return bad icon is folder is not shared" duration="22"/>
    <testCase name="DashboardOneTransferComponent should return false if folder is not expired" duration="20"/>
  </file>
  <file path="C:\Users\thiba\Desktop\t-flow\src\app\settings-my-account\settings-my-account.component.spec.ts">
    <testCase name="SettingsMyAccountComponent should create" duration="484"/>
    <testCase name="SettingsMyAccountComponent should fetch user info correctly" duration="96"/>
    <testCase name="SettingsMyAccountComponent should call getAllUserInfos if token is found" duration="72"/>
    <testCase name="SettingsMyAccountComponent should toggle isUpdateUser" duration="51"/>
    <testCase name="SettingsMyAccountComponent should submit user updates correctly" duration="87"/>
    <testCase name="SettingsMyAccountComponent should create a user Object" duration="47"/>
    <testCase name="SettingsMyAccountComponent should build user update url" duration="63"/>
  </file>
  <file path="C:\Users\thiba\Desktop\t-flow\src\app\register\register.component.spec.ts">
    <testCase name="RegisterComponent should create" duration="287"/>
    <testCase name="RegisterComponent should handle 403 error correctly" duration="55"/>
    <testCase name="RegisterComponent should handle non-403 error correctly" duration="55"/>
    <testCase name="RegisterComponent should call signInWithGoogle on googleSsoService when signInWithGoogle is called" duration="38"/>
    <testCase name="RegisterComponent should toggle isChecked when changeIsChecked is called" duration="63"/>
    <testCase name="RegisterComponent should handle OAuthEvent of type &quot;token_received&quot;" duration="72"/>
    <testCase name="RegisterComponent should call performRegistration when register is called and isChecked is true" duration="43"/>
    <testCase name="RegisterComponent should call httpClientService.register when performRegistration is called" duration="45"/>
  </file>
  <file path="C:\Users\thiba\Desktop\t-flow\src\app\login\login.component.spec.ts">
    <testCase name="LoginComponent should create" duration="295"/>
    <testCase name="LoginComponent should call setAuthenticationState if isAuthenticated is true" duration="77"/>
    <testCase name="LoginComponent should call setAuthenticationState if isAuthenticated is false" duration="38"/>
    <testCase name="LoginComponent should call navigateToHomeWithMessage" duration="74"/>
    <testCase name="LoginComponent should call signInWithGoogle on googleSsoService when signInWithGoogle is called" duration="34"/>
    <testCase name="LoginComponent should handle OAuthEvent of type &quot;token_received&quot;" duration="80"/>
    <testCase name="LoginComponent should handle OAuthEvent of type &quot;token_received&quot; and handle errors" duration="53"/>
    <testCase name="LoginComponent should handle 403 error correctly" duration="29"/>
    <testCase name="LoginComponent should handle non-403 error correctly" duration="30"/>
    <testCase name="LoginComponent should call handleLoginSuccess on login success" duration="25"/>
    <testCase name="LoginComponent should call handleLoginError on login error" duration="31"/>
  </file>
  <file path="C:\Users\thiba\Desktop\t-flow\src\app\flash-message\flash-message.component.spec.ts">
    <testCase name="FlashMessageComponent should create" duration="225"/>
    <testCase name="FlashMessageComponent should subscribe to getMessage from FlashMessageService" duration="27"/>
    <testCase name="FlashMessageComponent should start animation when flash message is received" duration="14"/>
    <testCase name="FlashMessageComponent should delete flash message after duration" duration="1132"/>
    <testCase name="FlashMessageComponent should update flashMessage when new message is received" duration="12"/>
  </file>
  <file path="C:\Users\thiba\Desktop\t-flow\src\app\dashboard-all-users\dashboard-all-users.component.spec.ts">
    <testCase name="DashboardAllUsersComponent should create" duration="176"/>
    <testCase name="DashboardAllUsersComponent should set users when getAllUsers is successful" duration="39"/>
    <testCase name="DashboardAllUsersComponent should set isDataFound to false when getAllUsers returns null id" duration="13"/>
    <testCase name="DashboardAllUsersComponent should set errorMessage to true when getAllUsers fails" duration="22"/>
  </file>
  <file path="C:\Users\thiba\Desktop\t-flow\src\app\logout\logout.component.spec.ts">
    <testCase name="LogoutComponent should create" duration="535"/>
  </file>
  <file path="C:\Users\thiba\Desktop\t-flow\src\services\httpClient\http-client.service.spec.ts">
    <testCase name="HttpClientService should be created" duration="46"/>
    <testCase name="HttpClientService should navigate to /accueil and show success flash message" duration="19"/>
    <testCase name="HttpClientService should perform login and return a token" duration="16"/>
    <testCase name="HttpClientService should perform Google login and return a token" duration="8"/>
    <testCase name="HttpClientService should perform registration and return a token" duration="8"/>
    <testCase name="HttpClientService should send a DELETE request to delete the folder" duration="5"/>
    <testCase name="HttpClientService should delete a user" duration="10"/>
    <testCase name="HttpClientService should update the user with PATCH request" duration="18"/>
    <testCase name="HttpClientService should validate an email with a token" duration="15"/>
    <testCase name="HttpClientService should get all folders by user ID" duration="9"/>
    <testCase name="HttpClientService should download a folder as a Blob" duration="7"/>
    <testCase name="HttpClientService should create a folder and return it" duration="5"/>
    <testCase name="HttpClientService should send a DELETE request to delete the user as admin" duration="10"/>
    <testCase name="HttpClientService should send an email" duration="5"/>
    <testCase name="HttpClientService should delete a User by his ID" duration="5"/>
    <testCase name="HttpClientService should delete a transfer by his ID" duration="5"/>
  </file>
  <file path="C:\Users\thiba\Desktop\t-flow\src\app\dashboard-all-support\dashboard-all-support.component.spec.ts">
    <testCase name="DashboardAllSupportComponent should create" duration="151"/>
    <testCase name="DashboardAllSupportComponent should set users when getAllSupports is successful" duration="23"/>
    <testCase name="DashboardAllSupportComponent should set errorMessage to true when getAllUsers fails" duration="17"/>
  </file>
  <file path="C:\Users\thiba\Desktop\t-flow\src\app\contact-us\contact-us.component.spec.ts">
    <testCase name="ContactUsComponent should create" duration="146"/>
    <testCase name="ContactUsComponent should return false if any input field is empty" duration="43"/>
    <testCase name="ContactUsComponent should return true if all input fields are non-empty" duration="29"/>
    <testCase name="ContactUsComponent should send an email successfully and navigate to home with a success message" duration="29"/>
  </file>
  <file path="C:\Users\thiba\Desktop\t-flow\src\app\settings-subscription\settings-subscription.component.spec.ts">
    <testCase name="SettingsSubscriptionComponent should create" duration="501"/>
    <testCase name="SettingsSubscriptionComponent should call get Token from cookies" duration="60"/>
    <testCase name="SettingsSubscriptionComponent should call set user plan" duration="36"/>
    <testCase name="SettingsSubscriptionComponent should return appropriate plan text" duration="59"/>
  </file>
  <file path="C:\Users\thiba\Desktop\t-flow\src\app\footer\footer.component.spec.ts">
    <testCase name="FooterComponent should create" duration="160"/>
  </file>
  <file path="C:\Users\thiba\Desktop\t-flow\src\app\settings-all-transfer\settings-all-transfer.component.spec.ts">
    <testCase name="SettingsAllTransferComponent should create the component" duration="119"/>
    <testCase name="SettingsAllTransferComponent should initialize user ID from JwtTokenService" duration="31"/>
    <testCase name="SettingsAllTransferComponent should load all folders when initialized" duration="22"/>
    <testCase name="SettingsAllTransferComponent should set error message when API call fails" duration="16"/>
    <testCase name="SettingsAllTransferComponent should correctly check if a folder is expired" duration="13"/>
    <testCase name="SettingsAllTransferComponent should handle empty folder data correctly" duration="14"/>
    <testCase name="SettingsAllTransferComponent should handle valid folder data correctly" duration="17"/>
    <testCase name="SettingsAllTransferComponent should handle if folder data is null correctly" duration="10"/>
    <testCase name="SettingsAllTransferComponent should delete a folder and remove it from the list when the API call is successful" duration="15"/>
    <testCase name="SettingsAllTransferComponent should handle errors when the API call fails" duration="19"/>
    <testCase name="SettingsAllTransferComponent should return size in Ko" duration="13"/>
  </file>
  <file path="C:\Users\thiba\Desktop\t-flow\src\app\dashboard-one-user\dashboard-one-user.component.spec.ts">
    <testCase name="DashboardOneUserComponent should create" duration="175"/>
    <testCase name="DashboardOneUserComponent should get query parameters correctly" duration="25"/>
    <testCase name="DashboardOneUserComponent should set user when getOneUserByID is successful" duration="25"/>
    <testCase name="DashboardOneUserComponent should set errorMessage to true when getOneUserByID fails" duration="19"/>
    <testCase name="DashboardOneUserComponent should set errorMessage to true when deleteAUserByID fails" duration="18"/>
  </file>
  <file path="C:\Users\thiba\Desktop\t-flow\src\app\about\about.component.spec.ts">
    <testCase name="AboutComponent should create" duration="257"/>
    <testCase name="AboutComponent should set correct path to imgTheme if dark theme" duration="76"/>
    <testCase name="AboutComponent should set correct path to imgTheme if light theme" duration="50"/>
  </file>
  <file path="C:\Users\thiba\Desktop\t-flow\src\app\cookies-consent\cookies-consent.component.spec.ts">
    <testCase name="CookiesConsentComponent should create" duration="61"/>
  </file>
  <file path="C:\Users\thiba\Desktop\t-flow\src\services\admin-autorize-guard\admin-autorize-guard.service.spec.ts">
    <testCase name="AdminAutorizeGuardService should be created" duration="60"/>
    <testCase name="AdminAutorizeGuardService canActivate should redirect to login if jwtToken is empty" duration="12"/>
    <testCase name="AdminAutorizeGuardService canActivate should return true if role is ADMIN" duration="4"/>
    <testCase name="AdminAutorizeGuardService canActivate should redirect to /accueil if role is USER" duration="5"/>
    <testCase name="AdminAutorizeGuardService canActivate should redirect to login for any other roles" duration="5"/>
  </file>
  <file path="C:\Users\thiba\Desktop\t-flow\src\app\privacy-policy\privacy-policy.component.spec.ts">
    <testCase name="PrivacyPolicyComponent should create" duration="193"/>
  </file>
  <file path="C:\Users\thiba\Desktop\t-flow\src\app\settings-navbar\settings-navbar.component.spec.ts">
    <testCase name="SettingsNavbarComponent should create" duration="125"/>
    <testCase name="SettingsNavbarComponent should get the user token from cookies" duration="21"/>
  </file>
  <file path="C:\Users\thiba\Desktop\t-flow\src\services\jwt-token\jwt-token.service.spec.ts">
    <testCase name="JwtTokenService should create" duration="28"/>
    <testCase name="JwtTokenService should return an empty string if the token in getDecodeToken is empty " duration="6"/>
    <testCase name="JwtTokenService should return the user first name" duration="4"/>
    <testCase name="JwtTokenService should return the user last name" duration="33"/>
    <testCase name="JwtTokenService should return the user id" duration="19"/>
    <testCase name="JwtTokenService should return the user email" duration="39"/>
    <testCase name="JwtTokenService should return the user role" duration="18"/>
    <testCase name="JwtTokenService should return the user plan" duration="3"/>
    <testCase name="JwtTokenService should return the user avatar" duration="5"/>
    <testCase name="JwtTokenService should return the user account status" duration="16"/>
    <testCase name="JwtTokenService should return the user authentication method" duration="4"/>
    <testCase name="JwtTokenService should return the token" duration="3"/>
    <testCase name="JwtTokenService should set the token" duration="4"/>
    <testCase name="JwtTokenService should decode the token" duration="3"/>
    <testCase name="JwtTokenService should get the decoded token" duration="3"/>
    <testCase name="JwtTokenService should check if the token is expired" duration="3"/>
    <testCase name="JwtTokenService should get all the user infos" duration="3"/>
    <testCase name="JwtTokenService should decode the token" duration="3"/>
    <testCase name="JwtTokenService should return the correct expiration time" duration="3"/>
    <testCase name="JwtTokenService should correctly identify if the token is expired" duration="9"/>
    <testCase name="JwtTokenService should correctly identify if the token is not expired" duration="3"/>
    <testCase name="JwtTokenService should return all user info correctly" duration="6"/>
    <testCase name="JwtTokenService should return the correct jwtToken value" duration="2"/>
    <testCase name="JwtTokenService should decode jwtToken and populate decodedToken when jwtToken is set" duration="3"/>
  </file>
  <file path="C:\Users\thiba\Desktop\t-flow\src\services\autorize-guard\autorize-guard.service.spec.ts">
    <testCase name="AutorizeGuardService canActivate should redirect to login if jwtToken and cookie token are empty" duration="27"/>
    <testCase name="AutorizeGuardService canActivate should redirect to login if token is expired" duration="5"/>
    <testCase name="AutorizeGuardService canActivate should return true if token exists and is not expired" duration="4"/>
    <testCase name="AutorizeGuardService canActivate should redirect to login if any other case or error" duration="5"/>
  </file>
  <file path="C:\Users\thiba\Desktop\t-flow\src\app\validate-email\validate-email.component.spec.ts">
    <testCase name="ValidateEmailComponent should create" duration="70"/>
    <testCase name="ValidateEmailComponent should check if user is authenticated" duration="11"/>
    <testCase name="ValidateEmailComponent should verify email successfully" duration="14"/>
    <testCase name="ValidateEmailComponent should handle failed verification" duration="14"/>
    <testCase name="ValidateEmailComponent should call handleFailedVerification if validateEmail sent an error" duration="11"/>
  </file>
  <file path="C:\Users\thiba\Desktop\t-flow\src\app\download\download.component.spec.ts">
    <testCase name="DownloadComponent should create" duration="102"/>
    <testCase name="DownloadComponent should initialize folderUrl and accessKey from route params" duration="16"/>
    <testCase name="DownloadComponent should fetch folder details on init" duration="17"/>
    <testCase name="DownloadComponent should download folder and show success message" duration="16"/>
    <testCase name="DownloadComponent should handle error and show error message" duration="13"/>
    <testCase name="DownloadComponent should set the correct image path in function of currentThemeSubject" duration="14"/>
    <testCase name="DownloadComponent should call the navigateAndShowFlashMessage if the folder dont exist" duration="15"/>
    <testCase name="DownloadComponent should set current theme on init" duration="13"/>
    <testCase name="DownloadComponent should create a Blob from data" duration="16"/>
    <testCase name="DownloadComponent should call downloadBlob when createABlobAndDownload is called" duration="17"/>
    <testCase name="DownloadComponent should navigate to &quot;/accueil&quot; and show a flash message" duration="10"/>
    <testCase name="DownloadComponent should download a Blob when downloadBlob is called" duration="11"/>
  </file>
  <file path="C:\Users\thiba\Desktop\t-flow\src\app\dashboard-all-providers\dashboard-all-providers.component.spec.ts">
    <testCase name="DashboardAllProvidersComponent should create" duration="248"/>
    <testCase name="DashboardAllProvidersComponent should update logos based on theme" duration="39"/>
  </file>
  <file path="C:\Users\thiba\Desktop\t-flow\src\services\sso\Google\google-sso.service.spec.ts">
    <testCase name="GoogleSsoService should be created" duration="52"/>
    <testCase name="GoogleSsoService signInWithGoogle should initialize OAuth flow" duration="5"/>
    <testCase name="GoogleSsoService isLoggedIn should check if user is logged in" duration="4"/>
    <testCase name="GoogleSsoService signOut should sign out the user and navigate to accueil if token exists" duration="7"/>
    <testCase name="GoogleSsoService signOut should do nothing if no token exists" duration="5"/>
  </file>
  <file path="C:\Users\thiba\Desktop\t-flow\src\app\subscriptions\subscriptions.component.spec.ts">
    <testCase name="SubscriptionsComponent should create" duration="189"/>
  </file>
  <file path="C:\Users\thiba\Desktop\t-flow\src\app\not-found\not-found.component.spec.ts">
    <testCase name="NotFoundComponent should create" duration="76"/>
  </file>
  <file path="C:\Users\thiba\Desktop\t-flow\src\app\dashboard-one-support\dashboard-one-support.component.spec.ts">
    <testCase name="DashboardOneSupportComponent should create" duration="45"/>
  </file>
  <file path="C:\Users\thiba\Desktop\t-flow\src\app\cgu\cgu.component.spec.ts">
    <testCase name="CguComponent should create" duration="104"/>
  </file>
  <file path="C:\Users\thiba\Desktop\t-flow\src\services\theme-service\theme-service.service.spec.ts">
    <testCase name="ThemeServiceService should be created" duration="26"/>
    <testCase name="ThemeServiceService should save theme to local storage" duration="7"/>
    <testCase name="ThemeServiceService should toggle theme" duration="6"/>
    <testCase name="ThemeServiceService should get current theme" duration="6"/>
  </file>
  <file path="C:\Users\thiba\Desktop\t-flow\src\services\flash-message\flash-message.service.spec.ts">
    <testCase name="FlashMessageService should be created" duration="24"/>
    <testCase name="FlashMessageService should add message and emit it" duration="7"/>
    <testCase name="FlashMessageService should handle string type correctly" duration="5"/>
    <testCase name="FlashMessageService should delete flash message" duration="4"/>
    <testCase name="FlashMessageService should add a message with a given MessageType" duration="8"/>
    <testCase name="FlashMessageService should add a message with a given string type" duration="4"/>
    <testCase name="FlashMessageService should default to INFO type for an unrecognized string type" duration="4"/>
  </file>
  <file path="C:\Users\thiba\Desktop\t-flow\src\services\cookies\cookies.service.spec.ts">
    <testCase name="CookiesService should be created" duration="30"/>
    <testCase name="CookiesService should set a cookie" duration="5"/>
    <testCase name="CookiesService should get a cookie value by name" duration="2"/>
    <testCase name="CookiesService should return an empty string if the cookie does not exist" duration="3"/>
    <testCase name="CookiesService should remove leading spaces from cookie" duration="4"/>
    <testCase name="CookiesService should trim leading spaces from cookie" duration="3"/>
    <testCase name="CookiesService should correctly decode cookie" duration="2"/>
  </file>
  <file path="C:\Users\thiba\Desktop\t-flow\src\app\homepage\homepage.component.spec.ts">
    <testCase name="HomepageComponent should create" duration="98"/>
    <testCase name="HomepageComponent should animate text over time" duration="16"/>
  </file>
  <file path="C:\Users\thiba\Desktop\t-flow\src\services\format-size-file\format-size.service.spec.ts">
    <testCase name="FormatSizeService should be created" duration="42"/>
    <testCase name="FormatSizeService should return 0.00 octets" duration="5"/>
    <testCase name="FormatSizeService should return 1.00 octets" duration="4"/>
    <testCase name="FormatSizeService should return 1.00 Ko" duration="3"/>
    <testCase name="FormatSizeService should return 1.00 Mo" duration="3"/>
    <testCase name="FormatSizeService should return 1.00 Go" duration="5"/>
  </file>
  <file path="C:\Users\thiba\Desktop\t-flow\src\services\local-storage\local-storage.service.spec.ts">
    <testCase name="LocalStorageService should be created" duration="3"/>
    <testCase name="LocalStorageService should set item in local storage" duration="2"/>
    <testCase name="LocalStorageService should get item from local storage" duration="1"/>
    <testCase name="LocalStorageService should remove item from local storage" duration="0"/>
  </file>
  <file path="C:\Users\thiba\Desktop\t-flow\src\app\dashboard-navbar\dashboard-navbar.component.spec.ts">
    <testCase name="DashboardNavbarComponent should create" duration="48"/>
  </file>
  <file path="C:\Users\thiba\Desktop\t-flow\src\services\http-interceptor\http-interceptor.service.spec.ts">
    <testCase name="HttpInterceptorService should add Authorization header when token is present" duration="7"/>
    <testCase name="HttpInterceptorService should not add Authorization header when token is not present" duration="1"/>
    <testCase name="HttpInterceptorService should handle 401 error by deleting token and clearing session storage" duration="6"/>
  </file>
</testExecutions>