<?xml version="1.0" encoding="UTF-8"?>
<testExecutions version="1">
  <file path="D:\Windows\Bureau\t-flow\src\app\footer\footer.component.spec.ts">
    <testCase name="FooterComponent should create" duration="32"/>
  </file>
  <file path="D:\Windows\Bureau\t-flow\src\app\app.component.spec.ts">
    <testCase name="AppComponent should create the app" duration="69"/>
  </file>
  <file path="D:\Windows\Bureau\t-flow\src\app\navbar\navbar.component.spec.ts">
    <testCase name="NavbarComponent should create" duration="67"/>
    <testCase name="NavbarComponent should toggle menu correctly" duration="15"/>
    <testCase name="NavbarComponent should toggle popup correctly" duration="12"/>
    <testCase name="NavbarComponent should toggle theme" duration="10"/>
    <testCase name="NavbarComponent should change isAuthenticated when HttpClientService emits" duration="7"/>
    <testCase name="NavbarComponent should initialize correctly" duration="7"/>
  </file>
  <file path="D:\Windows\Bureau\t-flow\src\app\transfer\transfer.component.spec.ts">
    <testCase name="TransferComponent should create the component" duration="58"/>
    <testCase name="TransferComponent should initialize with a token from cookie service" duration="14"/>
    <testCase name="TransferComponent should add valid email to the list and reset input state" duration="11"/>
    <testCase name="TransferComponent should not add invalid email and set error state" duration="7"/>
    <testCase name="TransferComponent should delete email from the list" duration="6"/>
    <testCase name="TransferComponent should upload files when requirements met" duration="6"/>
    <testCase name="TransferComponent should show an error message if file or email is missing for upload" duration="5"/>
    <testCase name="TransferComponent should remove duplicate files when checkFile is called" duration="6"/>
  </file>
  <file path="D:\Windows\Bureau\t-flow\src\app\settings-my-account\settings-my-account.component.spec.ts">
    <testCase name="SettingsMyAccountComponent should create" duration="172"/>
  </file>
  <file path="D:\Windows\Bureau\t-flow\src\app\register\register.component.spec.ts">
    <testCase name="RegisterComponent should create" duration="96"/>
  </file>
  <file path="D:\Windows\Bureau\t-flow\src\app\logout\logout.component.spec.ts">
    <testCase name="LogoutComponent should create" duration="152"/>
  </file>
  <file path="D:\Windows\Bureau\t-flow\src\app\about\about.component.spec.ts">
    <testCase name="AboutComponent should create" duration="52"/>
  </file>
  <file path="D:\Windows\Bureau\t-flow\src\app\login\login.component.spec.ts">
    <testCase name="LoginComponent should create" duration="92"/>
  </file>
  <file path="D:\Windows\Bureau\t-flow\src\app\settings-all-transfer\settings-all-transfer.component.spec.ts">
    <testCase name="SettingsAllTransferComponent should create" duration="42"/>
  </file>
  <file path="D:\Windows\Bureau\t-flow\src\app\download\download.component.spec.ts">
    <testCase name="DownloadComponent should create" duration="46"/>
    <testCase name="DownloadComponent should initialize with dark theme" duration="16"/>
    <testCase name="DownloadComponent should initialize with light theme" duration="14"/>
    <testCase name="DownloadComponent should handle folder retrieval" duration="15"/>
  </file>
  <file path="D:\Windows\Bureau\t-flow\src\app\settings-subscription\settings-subscription.component.spec.ts">
    <testCase name="SettingsSubscriptionComponent should create" duration="157"/>
  </file>
  <file path="D:\Windows\Bureau\t-flow\src\app\dashboard-one-transfer\dashboard-one-transfer.component.spec.ts">
    <testCase name="DashboardOneTransferComponent should create" duration="28"/>
  </file>
  <file path="D:\Windows\Bureau\t-flow\src\services\autorize-guard\autorize-guard.service.spec.ts">
    <testCase name="AutorizeGuardService should be created" duration="15"/>
  </file>
  <file path="D:\Windows\Bureau\t-flow\src\app\settings-navbar\settings-navbar.component.spec.ts">
    <testCase name="SettingsNavbarComponent should create" duration="30"/>
  </file>
  <file path="D:\Windows\Bureau\t-flow\src\app\dashboard-all-users\dashboard-all-users.component.spec.ts">
    <testCase name="DashboardAllUsersComponent should create" duration="38"/>
  </file>
  <file path="D:\Windows\Bureau\t-flow\src\app\contact-us\contact-us.component.spec.ts">
    <testCase name="ContactUsComponent should create" duration="56"/>
  </file>
  <file path="D:\Windows\Bureau\t-flow\src\app\homepage\homepage.component.spec.ts">
    <testCase name="HomepageComponent should create" duration="34"/>
  </file>
  <file path="D:\Windows\Bureau\t-flow\src\app\privacy-policy\privacy-policy.component.spec.ts">
    <testCase name="PrivacyPolicyComponent should create" duration="38"/>
  </file>
  <file path="D:\Windows\Bureau\t-flow\src\services\httpClient\http-client.service.spec.ts">
    <testCase name="HttpClientService should be created" duration="11"/>
  </file>
  <file path="D:\Windows\Bureau\t-flow\src\app\cgu\cgu.component.spec.ts">
    <testCase name="CguComponent should create" duration="36"/>
  </file>
  <file path="D:\Windows\Bureau\t-flow\src\app\validate-email\validate-email.component.spec.ts">
    <testCase name="ValidateEmailComponent should create" duration="24"/>
  </file>
  <file path="D:\Windows\Bureau\t-flow\src\services\sso\Google\google-sso.service.spec.ts">
    <testCase name="GoogleSsoService should be created" duration="15"/>
  </file>
  <file path="D:\Windows\Bureau\t-flow\src\services\admin-autorize-guard\admin-autorize-guard.service.spec.ts">
    <testCase name="AdminAutorizeGuardService should be created" duration="17"/>
  </file>
  <file path="D:\Windows\Bureau\t-flow\src\app\dashboard-all-transfer\dashboard-all-transfer.component.spec.ts">
    <testCase name="DashboardAllTransferComponent should create" duration="28"/>
  </file>
  <file path="D:\Windows\Bureau\t-flow\src\app\cookies-consent\cookies-consent.component.spec.ts">
    <testCase name="CookiesConsentComponent should create" duration="14"/>
  </file>
  <file path="D:\Windows\Bureau\t-flow\src\app\subscriptions\subscriptions.component.spec.ts">
    <testCase name="SubscriptionsComponent should create" duration="46"/>
  </file>
  <file path="D:\Windows\Bureau\t-flow\src\app\dashboard-one-user\dashboard-one-user.component.spec.ts">
    <testCase name="DashboardOneUserComponent should create" duration="28"/>
  </file>
  <file path="D:\Windows\Bureau\t-flow\src\app\not-found\not-found.component.spec.ts">
    <testCase name="NotFoundComponent should create" duration="37"/>
  </file>
  <file path="D:\Windows\Bureau\t-flow\src\app\dashboard-navbar\dashboard-navbar.component.spec.ts">
    <testCase name="DashboardNavbarComponent should create" duration="30"/>
  </file>
  <file path="D:\Windows\Bureau\t-flow\src\services\flash-message\flash-message.service.spec.ts">
    <testCase name="FlashMessageService should be created" duration="10"/>
  </file>
  <file path="D:\Windows\Bureau\t-flow\src\services\theme-service\theme-service.service.spec.ts">
    <testCase name="ThemeServiceService should be created" duration="9"/>
  </file>
  <file path="D:\Windows\Bureau\t-flow\src\services\http-interceptor\http-interceptor.service.spec.ts">
    <testCase name="HttpInterceptorService should be created" duration="10"/>
  </file>
  <file path="D:\Windows\Bureau\t-flow\src\services\jwt-token\jwt-token.service.spec.ts">
    <testCase name="DownloadComponent should create" duration="2"/>
    <testCase name="should return the user first name" duration="0"/>
    <testCase name="should return the user last name" duration="0"/>
    <testCase name="should return the user id" duration="0"/>
    <testCase name="should return the user email" duration="0"/>
    <testCase name="should return the user role" duration="1"/>
    <testCase name="should return the user plan" duration="0"/>
    <testCase name="should return the user avatar" duration="0"/>
    <testCase name="should return the user account status" duration="0"/>
    <testCase name="should return the user authentication method" duration="1"/>
    <testCase name="should return the token" duration="0"/>
    <testCase name="should set the token" duration="0"/>
    <testCase name="should decode the token" duration="0"/>
    <testCase name="should get the decoded token" duration="0"/>
    <testCase name="should check if the token is expired" duration="1"/>
    <testCase name="should get all the user infos" duration="0"/>
    <testCase name="should decode the token" duration="0"/>
  </file>
  <file path="D:\Windows\Bureau\t-flow\src\services\cookies\cookies.service.spec.ts">
    <testCase name="CookiesService should be created" duration="8"/>
  </file>
  <file path="D:\Windows\Bureau\t-flow\src\services\local-storage\local-storage.service.spec.ts">
    <testCase name="LocalStorageService should be created" duration="10"/>
  </file>
  <file path="D:\Windows\Bureau\t-flow\src\app\flash-message\flash-message.component.spec.ts">
    <testCase name="FlashMessageComponent should create" duration="34"/>
    <testCase name="FlashMessageComponent should subscribe to getMessage from FlashMessageService" duration="5"/>
    <testCase name="FlashMessageComponent should start animation when flash message is received" duration="4"/>
    <testCase name="FlashMessageComponent should delete flash message after duration" duration="1156"/>
    <testCase name="FlashMessageComponent should update flashMessage when new message is received" duration="7"/>
  </file>
</testExecutions>