<?xml version="1.0" encoding="UTF-8"?>
<testExecutions version="1">
  <file path="D:\Windows\Bureau\t-flow\src\app\transfer\transfer.component.spec.ts">
  </file>
  <file path="D:\Windows\Bureau\t-flow\src\app\settings-all-transfer\settings-all-transfer.component.spec.ts">
  </file>
  <file path="D:\Windows\Bureau\t-flow\src\app\login\login.component.spec.ts">
  </file>
  <file path="D:\Windows\Bureau\t-flow\src\app\dashboard-all-transfer\dashboard-all-transfer.component.spec.ts">
  </file>
  <file path="D:\Windows\Bureau\t-flow\src\app\register\register.component.spec.ts">
  </file>
  <file path="D:\Windows\Bureau\t-flow\src\services\httpClient\http-client.service.spec.ts">
  </file>
  <file path="D:\Windows\Bureau\t-flow\src\app\settings-my-account\settings-my-account.component.spec.ts">
  </file>
  <file path="D:\Windows\Bureau\t-flow\src\app\app.component.spec.ts">
  </file>
  <file path="D:\Windows\Bureau\t-flow\src\app\download\download.component.spec.ts">
  </file>
  <file path="D:\Windows\Bureau\t-flow\src\app\navbar\navbar.component.spec.ts">
  </file>
  <file path="D:\Windows\Bureau\t-flow\src\app\dashboard-one-transfer\dashboard-one-transfer.component.spec.ts">
  </file>
  <file path="D:\Windows\Bureau\t-flow\src\app\transfer-recap\transfer-recap.component.spec.ts">
  </file>
  <file path="D:\Windows\Bureau\t-flow\src\services\sso\Google\google-sso.service.spec.ts">
  </file>
  <file path="D:\Windows\Bureau\t-flow\src\services\cookies\cookies.service.spec.ts">
  </file>
  <file path="D:\Windows\Bureau\t-flow\src\services\autorize-guard\autorize-guard.service.spec.ts">
  </file>
  <file path="D:\Windows\Bureau\t-flow\src\app\dashboard-one-user\dashboard-one-user.component.spec.ts">
  </file>
  <file path="D:\Windows\Bureau\t-flow\src\app\contact-us\contact-us.component.spec.ts">
  </file>
  <file path="D:\Windows\Bureau\t-flow\src\services\jwt-token\jwt-token.service.spec.ts">
  </file>
  <file path="D:\Windows\Bureau\t-flow\src\services\admin-autorize-guard\admin-autorize-guard.service.spec.ts">
  </file>
  <file path="D:\Windows\Bureau\t-flow\src\services\flash-message\flash-message.service.spec.ts">
  </file>
  <file path="D:\Windows\Bureau\t-flow\src\app\validate-email\validate-email.component.spec.ts">
  </file>
  <file path="D:\Windows\Bureau\t-flow\src\app\dashboard-all-users\dashboard-all-users.component.spec.ts">
  </file>
  <file path="D:\Windows\Bureau\t-flow\src\app\flash-message\flash-message.component.spec.ts">
  </file>
  <file path="D:\Windows\Bureau\t-flow\src\app\dashboard-all-support\dashboard-all-support.component.spec.ts">
  </file>
  <file path="D:\Windows\Bureau\t-flow\src\services\theme-service\theme-service.service.spec.ts">
  </file>
  <file path="D:\Windows\Bureau\t-flow\src\app\settings-subscription\settings-subscription.component.spec.ts">
  </file>
  <file path="D:\Windows\Bureau\t-flow\src\app\dashboard-all-providers\dashboard-all-providers.component.spec.ts">
  </file>
  <file path="D:\Windows\Bureau\t-flow\src\app\homepage\homepage.component.spec.ts">
  </file>
  <file path="D:\Windows\Bureau\t-flow\src\app\settings-navbar\settings-navbar.component.spec.ts">
  </file>
  <file path="D:\Windows\Bureau\t-flow\src\app\about\about.component.spec.ts">
  </file>
  <file path="D:\Windows\Bureau\t-flow\src\app\footer\footer.component.spec.ts">
  </file>
  <file path="D:\Windows\Bureau\t-flow\src\services\format-size-file\format-size.service.spec.ts">
  </file>
  <file path="D:\Windows\Bureau\t-flow\src\app\cookies-consent\cookies-consent.component.spec.ts">
  </file>
  <file path="D:\Windows\Bureau\t-flow\src\app\dashboard-one-support\dashboard-one-support.component.spec.ts">
  </file>
  <file path="D:\Windows\Bureau\t-flow\src\services\http-interceptor\http-interceptor.service.spec.ts">
  </file>
  <file path="D:\Windows\Bureau\t-flow\src\app\logout\logout.component.spec.ts">
  </file>
  <file path="D:\Windows\Bureau\t-flow\src\app\dashboard-navbar\dashboard-navbar.component.spec.ts">
  </file>
  <file path="D:\Windows\Bureau\t-flow\src\app\privacy-policy\privacy-policy.component.spec.ts">
  </file>
  <file path="D:\Windows\Bureau\t-flow\src\app\subscriptions\subscriptions.component.spec.ts">
  </file>
  <file path="D:\Windows\Bureau\t-flow\src\app\not-found\not-found.component.spec.ts">
  </file>
  <file path="D:\Windows\Bureau\t-flow\src\app\cgu\cgu.component.spec.ts">
  </file>
  <file path="D:\Windows\Bureau\t-flow\src\services\local-storage\local-storage.service.spec.ts">
  </file>
</testExecutions>